<?xml version="1.0" encoding="UTF-8"?>
<!-- Generated by org.testng.reporters.JUnitReportReporter -->
<testsuite hostname="DESKTOP-UV9IBSN" failures="0" tests="4" name="com.innovation.test.FlipkartAutomationTest" time="35.274" errors="0" timestamp="2023-03-03T16:15:56 IST" skipped="0">
  <testcase classname="com.innovation.test.FlipkartAutomationTest" name="lauchApplication" time="4.990"/>
  <system-out/>
  <testcase classname="com.innovation.test.FlipkartAutomationTest" name="verifyAndClosePopUP" time="4.205"/>
  <system-out/>
  <testcase classname="com.innovation.test.FlipkartAutomationTest" name="clickAndVerifyBanner" time="20.886"/>
  <system-out/>
  <testcase classname="com.innovation.test.FlipkartAutomationTest" name="hoverElectronicsMenuAndPrintSubMenu" time="5.193"/>
  <system-out/>
</testsuite> <!-- com.innovation.test.FlipkartAutomationTest -->
