<?xml version="1.0" encoding="UTF-8"?>
<!-- Generated by org.testng.reporters.JUnitReportReporter -->
<testsuite hostname="DESKTOP-UV9IBSN" failures="0" tests="1" name="com.innovation.test.FlipkartAutomation" time="4.271" errors="0" timestamp="2023-03-01T22:12:23 IST" skipped="0">
  <testcase classname="com.innovation.test.FlipkartAutomation" name="m" time="4.271"/>
  <system-out/>
</testsuite> <!-- com.innovation.test.FlipkartAutomation -->
